#
# A fatal error has been detected by the Java Runtime Environment:
#
#  Internal Error (javaClasses.cpp:136), pid=25126, tid=140173423871744
#  fatal error: Invalid layout of preloaded class
#
# JRE version:  (7.0_51) (build )
# Java VM: OpenJDK 64-Bit Server VM (24.45-b08 mixed mode linux-amd64 compressed oops)
# Failed to write core dump. Core dumps have been disabled. To enable core dumping, try "ulimit -c unlimited" before starting Java again
#
# If you would like to submit a bug report, please include
# instructions on how to reproduce the bug and visit:
#   http://icedtea.classpath.org/bugzilla
#

---------------  T H R E A D  ---------------

Current thread (0x00007f7ca400a000):  JavaThread "Unknown thread" [_thread_in_vm, id=25133, stack(0x00007f7cab130000,0x00007f7cab231000)]

Stack: [0x00007f7cab130000,0x00007f7cab231000],  sp=0x00007f7cab22f920,  free space=1022k
Native frames: (J=compiled Java code, j=interpreted, Vv=VM code, C=native code)
V  [libjvm.so+0x8f7825]  VMError::report_and_die()+0x175
V  [libjvm.so+0x46a177]  report_fatal(char const*, int, char const*)+0x57
V  [libjvm.so+0x5baefb]  compute_offset(int&, klassOopDesc*, Symbol*, Symbol*, bool) [clone .constprop.121]+0xbb
V  [libjvm.so+0x5baff6]  java_lang_String::compute_offsets()+0x36
V  [libjvm.so+0x87fb43]  SystemDictionary::initialize_preloaded_classes(Thread*)+0x83
V  [libjvm.so+0x8ccc78]  Universe::genesis(Thread*)+0x478
V  [libjvm.so+0x8cd12f]  universe2_init()+0x1f
V  [libjvm.so+0x56fc8a]  init_globals()+0x9a
V  [libjvm.so+0x8b074f]  Threads::create_vm(JavaVMInitArgs*, bool*)+0x38f
V  [libjvm.so+0x5d7708]  JNI_CreateJavaVM+0x58
C  [libjli.so+0x2b34]  __strcat_chk+0x2b34


---------------  P R O C E S S  ---------------

Java Threads: ( => current thread )

Other Threads:

=>0x00007f7ca400a000 (exited) JavaThread "Unknown thread" [_thread_in_vm, id=25133, stack(0x00007f7cab130000,0x00007f7cab231000)]

VM state:not at safepoint (not fully initialized)

VM Mutex/Monitor currently owned by a thread: None

GC Heap History (0 events):
No events

Deoptimization events (0 events):
No events

Internal exceptions (0 events):
No events

Events (10 events):
Event: 0.537 loading class 0x00007f7ca03386f0 done
Event: 0.538 loading class 0x00007f7ca0338110 done
Event: 0.538 loading class 0x00007f7ca03380f0
Event: 0.538 loading class 0x00007f7ca0340130
Event: 0.538 loading class 0x00007f7ca0340130 done
Event: 0.538 loading class 0x00007f7ca0340160
Event: 0.538 loading class 0x00007f7ca0340160 done
Event: 0.538 loading class 0x00007f7ca0340190
Event: 0.538 loading class 0x00007f7ca0340190 done
Event: 0.588 loading class 0x00007f7ca03380f0 done


Dynamic libraries:
00400000-00401000 r-xp 00000000 08:07 1609894                            /usr/lib/jvm/java-7-openjdk-amd64/jre/bin/java
00600000-00601000 r--p 00000000 08:07 1609894                            /usr/lib/jvm/java-7-openjdk-amd64/jre/bin/java
00601000-00602000 rw-p 00001000 08:07 1609894                            /usr/lib/jvm/java-7-openjdk-amd64/jre/bin/java
00815000-00836000 rw-p 00000000 00:00 0                                  [heap]
bae00000-bc300000 rw-p 00000000 00:00 0 
bc300000-c5400000 rw-p 00000000 00:00 0 
c5400000-c7b00000 rw-p 00000000 00:00 0 
c7b00000-ec680000 rw-p 00000000 00:00 0 
ec680000-eda80000 rw-p 00000000 00:00 0 
eda80000-100000000 rw-p 00000000 00:00 0 
7f7c84000000-7f7c84021000 rw-p 00000000 00:00 0 
7f7c84021000-7f7c88000000 ---p 00000000 00:00 0 
7f7c8c000000-7f7c8c021000 rw-p 00000000 00:00 0 
7f7c8c021000-7f7c90000000 ---p 00000000 00:00 0 
7f7c94000000-7f7c94021000 rw-p 00000000 00:00 0 
7f7c94021000-7f7c98000000 ---p 00000000 00:00 0 
7f7c99c04000-7f7c9c000000 rw-p 00000000 00:00 0 
7f7c9c000000-7f7c9c021000 rw-p 00000000 00:00 0 
7f7c9c021000-7f7ca0000000 ---p 00000000 00:00 0 
7f7ca0109000-7f7ca01eb000 rw-p 00000000 00:00 0 
7f7ca01eb000-7f7ca02c2000 r--s 013fe000 08:07 1192193                    /home/chaos/Work/adt-bundle-linux-x86_64-20131030/sdk/platforms/android-19/android.jar
7f7ca02c2000-7f7ca05bc000 rw-p 00000000 00:00 0 
7f7ca05bc000-7f7ca05bd000 ---p 00000000 00:00 0 
7f7ca05bd000-7f7ca06bd000 rw-p 00000000 00:00 0                          [stack:25137]
7f7ca06bd000-7f7ca06be000 ---p 00000000 00:00 0 
7f7ca06be000-7f7ca07be000 rw-p 00000000 00:00 0                          [stack:25136]
7f7ca07be000-7f7ca07bf000 ---p 00000000 00:00 0 
7f7ca07bf000-7f7ca08bf000 rw-p 00000000 00:00 0                          [stack:25135]
7f7ca08bf000-7f7ca08c0000 ---p 00000000 00:00 0 
7f7ca08c0000-7f7ca09cb000 rw-p 00000000 00:00 0                          [stack:25134]
7f7ca09cb000-7f7ca0a13000 rw-p 00000000 00:00 0 
7f7ca0a13000-7f7ca0a27000 rw-p 00000000 00:00 0 
7f7ca0a27000-7f7ca0b4c000 rw-p 00000000 00:00 0 
7f7ca0b4c000-7f7ca0b57000 rw-p 00000000 00:00 0 
7f7ca0b57000-7f7ca0be9000 rw-p 00000000 00:00 0 
7f7ca0be9000-7f7ca0bea000 rw-p 00000000 00:00 0 
7f7ca0bea000-7f7ca0e5a000 rwxp 00000000 00:00 0 
7f7ca0e5a000-7f7ca3bea000 rw-p 00000000 00:00 0 
7f7ca3bea000-7f7ca3bf2000 r-xp 00000000 08:07 1609884                    /usr/lib/jvm/java-7-openjdk-amd64/jre/lib/amd64/libzip.so
7f7ca3bf2000-7f7ca3df1000 ---p 00008000 08:07 1609884                    /usr/lib/jvm/java-7-openjdk-amd64/jre/lib/amd64/libzip.so
7f7ca3df1000-7f7ca3df2000 r--p 00007000 08:07 1609884                    /usr/lib/jvm/java-7-openjdk-amd64/jre/lib/amd64/libzip.so
7f7ca3df2000-7f7ca3df3000 rw-p 00008000 08:07 1609884                    /usr/lib/jvm/java-7-openjdk-amd64/jre/lib/amd64/libzip.so
7f7ca3df3000-7f7ca3dff000 r-xp 00000000 08:07 1308261                    /lib/x86_64-linux-gnu/libnss_files-2.17.so
7f7ca3dff000-7f7ca3ffe000 ---p 0000c000 08:07 1308261                    /lib/x86_64-linux-gnu/libnss_files-2.17.so
7f7ca3ffe000-7f7ca3fff000 r--p 0000b000 08:07 1308261                    /lib/x86_64-linux-gnu/libnss_files-2.17.so
7f7ca3fff000-7f7ca4000000 rw-p 0000c000 08:07 1308261                    /lib/x86_64-linux-gnu/libnss_files-2.17.so
7f7ca4000000-7f7ca4056000 rw-p 00000000 00:00 0 
7f7ca4056000-7f7ca8000000 ---p 00000000 00:00 0 
7f7ca800b000-7f7ca8065000 rw-p 00000000 00:00 0 
7f7ca8065000-7f7ca80ad000 rw-p 00000000 00:00 0 
7f7ca80ad000-7f7ca80c1000 rw-p 00000000 00:00 0 
7f7ca80c1000-7f7ca81e7000 rw-p 00000000 00:00 0 
7f7ca81e7000-7f7ca81f2000 r-xp 00000000 08:07 1308268                    /lib/x86_64-linux-gnu/libnss_nis-2.17.so
7f7ca81f2000-7f7ca83f1000 ---p 0000b000 08:07 1308268                    /lib/x86_64-linux-gnu/libnss_nis-2.17.so
7f7ca83f1000-7f7ca83f2000 r--p 0000a000 08:07 1308268                    /lib/x86_64-linux-gnu/libnss_nis-2.17.so
7f7ca83f2000-7f7ca83f3000 rw-p 0000b000 08:07 1308268                    /lib/x86_64-linux-gnu/libnss_nis-2.17.so
7f7ca83f3000-7f7ca840a000 r-xp 00000000 08:07 1308257                    /lib/x86_64-linux-gnu/libnsl-2.17.so
7f7ca840a000-7f7ca8609000 ---p 00017000 08:07 1308257                    /lib/x86_64-linux-gnu/libnsl-2.17.so
7f7ca8609000-7f7ca860a000 r--p 00016000 08:07 1308257                    /lib/x86_64-linux-gnu/libnsl-2.17.so
7f7ca860a000-7f7ca860b000 rw-p 00017000 08:07 1308257                    /lib/x86_64-linux-gnu/libnsl-2.17.so
7f7ca860b000-7f7ca860d000 rw-p 00000000 00:00 0 
7f7ca860d000-7f7ca8615000 r-xp 00000000 08:07 1312120                    /lib/x86_64-linux-gnu/libnss_compat-2.17.so
7f7ca8615000-7f7ca8814000 ---p 00008000 08:07 1312120                    /lib/x86_64-linux-gnu/libnss_compat-2.17.so
7f7ca8814000-7f7ca8815000 r--p 00007000 08:07 1312120                    /lib/x86_64-linux-gnu/libnss_compat-2.17.so
7f7ca8815000-7f7ca8816000 rw-p 00008000 08:07 1312120                    /lib/x86_64-linux-gnu/libnss_compat-2.17.so
7f7ca8816000-7f7ca8841000 r-xp 00000000 08:07 1585616                    /usr/lib/jvm/java-7-openjdk-amd64/jre/lib/amd64/libjava.so
7f7ca8841000-7f7ca8a40000 ---p 0002b000 08:07 1585616                    /usr/lib/jvm/java-7-openjdk-amd64/jre/lib/amd64/libjava.so
7f7ca8a40000-7f7ca8a41000 r--p 0002a000 08:07 1585616                    /usr/lib/jvm/java-7-openjdk-amd64/jre/lib/amd64/libjava.so
7f7ca8a41000-7f7ca8a43000 rw-p 0002b000 08:07 1585616                    /usr/lib/jvm/java-7-openjdk-amd64/jre/lib/amd64/libjava.so
7f7ca8a43000-7f7ca8a52000 r-xp 00000000 08:07 1585615                    /usr/lib/jvm/java-7-openjdk-amd64/jre/lib/amd64/libverify.so
7f7ca8a52000-7f7ca8c51000 ---p 0000f000 08:07 1585615                    /usr/lib/jvm/java-7-openjdk-amd64/jre/lib/amd64/libverify.so
7f7ca8c51000-7f7ca8c53000 r--p 0000e000 08:07 1585615                    /usr/lib/jvm/java-7-openjdk-amd64/jre/lib/amd64/libverify.so
7f7ca8c53000-7f7ca8c54000 rw-p 00010000 08:07 1585615                    /usr/lib/jvm/java-7-openjdk-amd64/jre/lib/amd64/libverify.so
7f7ca8c54000-7f7ca8c5b000 r-xp 00000000 08:07 1308264                    /lib/x86_64-linux-gnu/librt-2.17.so
7f7ca8c5b000-7f7ca8e5a000 ---p 00007000 08:07 1308264                    /lib/x86_64-linux-gnu/librt-2.17.so
7f7ca8e5a000-7f7ca8e5b000 r--p 00006000 08:07 1308264                    /lib/x86_64-linux-gnu/librt-2.17.so
7f7ca8e5b000-7f7ca8e5c000 rw-p 00007000 08:07 1308264                    /lib/x86_64-linux-gnu/librt-2.17.so
7f7ca8e5c000-7f7ca8e70000 r-xp 00000000 08:07 1312233                    /lib/x86_64-linux-gnu/libgcc_s.so.1
7f7ca8e70000-7f7ca9070000 ---p 00014000 08:07 1312233                    /lib/x86_64-linux-gnu/libgcc_s.so.1
7f7ca9070000-7f7ca9071000 r--p 00014000 08:07 1312233                    /lib/x86_64-linux-gnu/libgcc_s.so.1
7f7ca9071000-7f7ca9072000 rw-p 00015000 08:07 1312233                    /lib/x86_64-linux-gnu/libgcc_s.so.1
7f7ca9072000-7f7ca9175000 r-xp 00000000 08:07 1312049                    /lib/x86_64-linux-gnu/libm-2.17.so
7f7ca9175000-7f7ca9375000 ---p 00103000 08:07 1312049                    /lib/x86_64-linux-gnu/libm-2.17.so
7f7ca9375000-7f7ca9376000 r--p 00103000 08:07 1312049                    /lib/x86_64-linux-gnu/libm-2.17.so
7f7ca9376000-7f7ca9377000 rw-p 00104000 08:07 1312049                    /lib/x86_64-linux-gnu/libm-2.17.so
7f7ca9377000-7f7ca945c000 r-xp 00000000 08:07 1576159                    /usr/lib/x86_64-linux-gnu/libstdc++.so.6.0.17
7f7ca945c000-7f7ca965b000 ---p 000e5000 08:07 1576159                    /usr/lib/x86_64-linux-gnu/libstdc++.so.6.0.17
7f7ca965b000-7f7ca9663000 r--p 000e4000 08:07 1576159                    /usr/lib/x86_64-linux-gnu/libstdc++.so.6.0.17
7f7ca9663000-7f7ca9665000 rw-p 000ec000 08:07 1576159                    /usr/lib/x86_64-linux-gnu/libstdc++.so.6.0.17
7f7ca9665000-7f7ca967a000 rw-p 00000000 00:00 0 
7f7ca967a000-7f7caa140000 r-xp 00000000 08:07 1585620                    /usr/lib/jvm/java-7-openjdk-amd64/jre/lib/amd64/server/libjvm.so
7f7caa140000-7f7caa340000 ---p 00ac6000 08:07 1585620                    /usr/lib/jvm/java-7-openjdk-amd64/jre/lib/amd64/server/libjvm.so
7f7caa340000-7f7caa3d8000 r--p 00ac6000 08:07 1585620                    /usr/lib/jvm/java-7-openjdk-amd64/jre/lib/amd64/server/libjvm.so
7f7caa3d8000-7f7caa3fb000 rw-p 00b5e000 08:07 1585620                    /usr/lib/jvm/java-7-openjdk-amd64/jre/lib/amd64/server/libjvm.so
7f7caa3fb000-7f7caa428000 rw-p 00000000 00:00 0 
7f7caa428000-7f7caa43e000 r-xp 00000000 08:07 1312361                    /lib/x86_64-linux-gnu/libz.so.1.2.7
7f7caa43e000-7f7caa63d000 ---p 00016000 08:07 1312361                    /lib/x86_64-linux-gnu/libz.so.1.2.7
7f7caa63d000-7f7caa63e000 r--p 00015000 08:07 1312361                    /lib/x86_64-linux-gnu/libz.so.1.2.7
7f7caa63e000-7f7caa63f000 rw-p 00016000 08:07 1312361                    /lib/x86_64-linux-gnu/libz.so.1.2.7
7f7caa63f000-7f7caa657000 r-xp 00000000 08:07 1308258                    /lib/x86_64-linux-gnu/libpthread-2.17.so
7f7caa657000-7f7caa856000 ---p 00018000 08:07 1308258                    /lib/x86_64-linux-gnu/libpthread-2.17.so
7f7caa856000-7f7caa857000 r--p 00017000 08:07 1308258                    /lib/x86_64-linux-gnu/libpthread-2.17.so
7f7caa857000-7f7caa858000 rw-p 00018000 08:07 1308258                    /lib/x86_64-linux-gnu/libpthread-2.17.so
7f7caa858000-7f7caa85c000 rw-p 00000000 00:00 0 
7f7caa85c000-7f7caa85f000 r-xp 00000000 08:07 1308260                    /lib/x86_64-linux-gnu/libdl-2.17.so
7f7caa85f000-7f7caaa5e000 ---p 00003000 08:07 1308260                    /lib/x86_64-linux-gnu/libdl-2.17.so
7f7caaa5e000-7f7caaa5f000 r--p 00002000 08:07 1308260                    /lib/x86_64-linux-gnu/libdl-2.17.so
7f7caaa5f000-7f7caaa60000 rw-p 00003000 08:07 1308260                    /lib/x86_64-linux-gnu/libdl-2.17.so
7f7caaa60000-7f7caac1f000 r-xp 00000000 08:07 1312459                    /lib/x86_64-linux-gnu/libc-2.17.so
7f7caac1f000-7f7caae1e000 ---p 001bf000 08:07 1312459                    /lib/x86_64-linux-gnu/libc-2.17.so
7f7caae1e000-7f7caae22000 r--p 001be000 08:07 1312459                    /lib/x86_64-linux-gnu/libc-2.17.so
7f7caae22000-7f7caae24000 rw-p 001c2000 08:07 1312459                    /lib/x86_64-linux-gnu/libc-2.17.so
7f7caae24000-7f7caae29000 rw-p 00000000 00:00 0 
7f7caae29000-7f7caae36000 r-xp 00000000 08:07 1585600                    /usr/lib/jvm/java-7-openjdk-amd64/jre/lib/amd64/jli/libjli.so
7f7caae36000-7f7cab035000 ---p 0000d000 08:07 1585600                    /usr/lib/jvm/java-7-openjdk-amd64/jre/lib/amd64/jli/libjli.so
7f7cab035000-7f7cab036000 r--p 0000c000 08:07 1585600                    /usr/lib/jvm/java-7-openjdk-amd64/jre/lib/amd64/jli/libjli.so
7f7cab036000-7f7cab037000 rw-p 0000d000 08:07 1585600                    /usr/lib/jvm/java-7-openjdk-amd64/jre/lib/amd64/jli/libjli.so
7f7cab037000-7f7cab05a000 r-xp 00000000 08:07 1308174                    /lib/x86_64-linux-gnu/ld-2.17.so
7f7cab06f000-7f7cab07a000 rw-p 00000000 00:00 0 
7f7cab07a000-7f7cab130000 rw-p 00000000 00:00 0 
7f7cab130000-7f7cab133000 ---p 00000000 00:00 0 
7f7cab133000-7f7cab24d000 rw-p 00000000 00:00 0                          [stack:25133]
7f7cab24d000-7f7cab255000 rw-s 00000000 08:07 1738655                    /tmp/hsperfdata_chaos/25126
7f7cab255000-7f7cab256000 rw-p 00000000 00:00 0 
7f7cab256000-7f7cab257000 r--p 00000000 00:00 0 
7f7cab257000-7f7cab259000 rw-p 00000000 00:00 0 
7f7cab259000-7f7cab25a000 r--p 00022000 08:07 1308174                    /lib/x86_64-linux-gnu/ld-2.17.so
7f7cab25a000-7f7cab25c000 rw-p 00023000 08:07 1308174                    /lib/x86_64-linux-gnu/ld-2.17.so
7fff87b89000-7fff87baa000 rw-p 00000000 00:00 0                          [stack]
7fff87bfe000-7fff87c00000 r-xp 00000000 00:00 0                          [vdso]
ffffffffff600000-ffffffffff601000 r-xp 00000000 00:00 0                  [vsyscall]

VM Arguments:
jvm_args: -Dfile.encoding=UTF-8 -Xbootclasspath:/home/chaos/Work/adt-bundle-linux-x86_64-20131030/sdk/platforms/android-19/android.jar 
java_command: com.huaijv.forkids4teacher.utils.JsoupUtils
Launcher Type: SUN_STANDARD

Environment Variables:
PATH=/home/chaos/bin:/usr/lib/lightdm/lightdm:/usr/local/sbin:/usr/local/bin:/usr/sbin:/usr/bin:/sbin:/bin:/usr/games:/usr/local/games
SHELL=/bin/zsh
DISPLAY=:0.0

Signal Handlers:
SIGSEGV: [libjvm.so+0x8f8310], sa_mask[0]=0x7ffbfeff, sa_flags=0x10000004
SIGBUS: [libjvm.so+0x8f8310], sa_mask[0]=0x7ffbfeff, sa_flags=0x10000004
SIGFPE: [libjvm.so+0x781ce0], sa_mask[0]=0x7ffbfeff, sa_flags=0x10000004
SIGPIPE: [libjvm.so+0x781ce0], sa_mask[0]=0x7ffbfeff, sa_flags=0x10000004
SIGXFSZ: [libjvm.so+0x781ce0], sa_mask[0]=0x7ffbfeff, sa_flags=0x10000004
SIGILL: [libjvm.so+0x781ce0], sa_mask[0]=0x7ffbfeff, sa_flags=0x10000004
SIGUSR1: SIG_DFL, sa_mask[0]=0x00000000, sa_flags=0x00000000
SIGUSR2: [libjvm.so+0x781fd0], sa_mask[0]=0x00000004, sa_flags=0x10000004
SIGHUP: SIG_DFL, sa_mask[0]=0x00000000, sa_flags=0x00000000
SIGINT: SIG_DFL, sa_mask[0]=0x00000000, sa_flags=0x00000000
SIGTERM: SIG_DFL, sa_mask[0]=0x00000000, sa_flags=0x00000000
SIGQUIT: SIG_DFL, sa_mask[0]=0x00000000, sa_flags=0x00000000


---------------  S Y S T E M  ---------------

OS:Ubuntu 13.04 (raring)
uname:Linux 3.8.0-35-generic #50-Ubuntu SMP Tue Dec 3 01:24:59 UTC 2013 x86_64
libc:glibc 2.17 NPTL 2.17 
rlimit: STACK 8192k, CORE 0k, NPROC 29876, NOFILE 4096, AS infinity
load average:0.54 0.66 0.78

/proc/meminfo:
MemTotal:        3843308 kB
MemFree:          129284 kB
Buffers:           19388 kB
Cached:           309836 kB
SwapCached:       220828 kB
Active:          2450072 kB
Inactive:         964212 kB
Active(anon):    2371168 kB
Inactive(anon):   885364 kB
Active(file):      78904 kB
Inactive(file):    78848 kB
Unevictable:          96 kB
Mlocked:              96 kB
SwapTotal:       4192960 kB
SwapFree:        1982388 kB
Dirty:               200 kB
Writeback:             0 kB
AnonPages:       2866348 kB
Mapped:            97732 kB
Shmem:            171548 kB
Slab:             133860 kB
SReclaimable:      80832 kB
SUnreclaim:        53028 kB
KernelStack:        6664 kB
PageTables:        94120 kB
NFS_Unstable:          0 kB
Bounce:                0 kB
WritebackTmp:          0 kB
CommitLimit:     6114612 kB
Committed_AS:    9885176 kB
VmallocTotal:   34359738367 kB
VmallocUsed:      544916 kB
VmallocChunk:   34359189980 kB
HardwareCorrupted:     0 kB
AnonHugePages:         0 kB
HugePages_Total:       0
HugePages_Free:        0
HugePages_Rsvd:        0
HugePages_Surp:        0
Hugepagesize:       2048 kB
DirectMap4k:       96256 kB
DirectMap2M:     3893248 kB


CPU:total 4 (2 cores per cpu, 2 threads per core) family 6 model 37 stepping 5, cmov, cx8, fxsr, mmx, sse, sse2, sse3, ssse3, sse4.1, sse4.2, popcnt, ht, tsc, tscinvbit

/proc/cpuinfo:
processor	: 0
vendor_id	: GenuineIntel
cpu family	: 6
model		: 37
model name	: Intel(R) Core(TM) i5 CPU       M 450  @ 2.40GHz
stepping	: 5
microcode	: 0x2
cpu MHz		: 1199.000
cache size	: 3072 KB
physical id	: 0
siblings	: 4
core id		: 0
cpu cores	: 2
apicid		: 0
initial apicid	: 0
fpu		: yes
fpu_exception	: yes
cpuid level	: 11
wp		: yes
flags		: fpu vme de pse tsc msr pae mce cx8 apic sep mtrr pge mca cmov pat pse36 clflush dts acpi mmx fxsr sse sse2 ss ht tm pbe syscall nx rdtscp lm constant_tsc arch_perfmon pebs bts rep_good nopl xtopology nonstop_tsc aperfmperf pni dtes64 monitor ds_cpl vmx est tm2 ssse3 cx16 xtpr pdcm pcid sse4_1 sse4_2 popcnt lahf_lm ida arat dtherm tpr_shadow vnmi flexpriority ept vpid
bogomips	: 4787.58
clflush size	: 64
cache_alignment	: 64
address sizes	: 36 bits physical, 48 bits virtual
power management:

processor	: 1
vendor_id	: GenuineIntel
cpu family	: 6
model		: 37
model name	: Intel(R) Core(TM) i5 CPU       M 450  @ 2.40GHz
stepping	: 5
microcode	: 0x2
cpu MHz		: 2400.000
cache size	: 3072 KB
physical id	: 0
siblings	: 4
core id		: 2
cpu cores	: 2
apicid		: 4
initial apicid	: 4
fpu		: yes
fpu_exception	: yes
cpuid level	: 11
wp		: yes
flags		: fpu vme de pse tsc msr pae mce cx8 apic sep mtrr pge mca cmov pat pse36 clflush dts acpi mmx fxsr sse sse2 ss ht tm pbe syscall nx rdtscp lm constant_tsc arch_perfmon pebs bts rep_good nopl xtopology nonstop_tsc aperfmperf pni dtes64 monitor ds_cpl vmx est tm2 ssse3 cx16 xtpr pdcm pcid sse4_1 sse4_2 popcnt lahf_lm ida arat dtherm tpr_shadow vnmi flexpriority ept vpid
bogomips	: 4787.58
clflush size	: 64
cache_alignment	: 64
address sizes	: 36 bits physical, 48 bits virtual
power management:

processor	: 2
vendor_id	: GenuineIntel
cpu family	: 6
model		: 37
model name	: Intel(R) Core(TM) i5 CPU       M 450  @ 2.40GHz
stepping	: 5
microcode	: 0x2
cpu MHz		: 1199.000
cache size	: 3072 KB
physical id	: 0
siblings	: 4
core id		: 0
cpu cores	: 2
apicid		: 1
initial apicid	: 1
fpu		: yes
fpu_exception	: yes
cpuid level	: 11
wp		: yes
flags		: fpu vme de pse tsc msr pae mce cx8 apic sep mtrr pge mca cmov pat pse36 clflush dts acpi mmx fxsr sse sse2 ss ht tm pbe syscall nx rdtscp lm constant_tsc arch_perfmon pebs bts rep_good nopl xtopology nonstop_tsc aperfmperf pni dtes64 monitor ds_cpl vmx est tm2 ssse3 cx16 xtpr pdcm pcid sse4_1 sse4_2 popcnt lahf_lm ida arat dtherm tpr_shadow vnmi flexpriority ept vpid
bogomips	: 4787.58
clflush size	: 64
cache_alignment	: 64
address sizes	: 36 bits physical, 48 bits virtual
power management:

processor	: 3
vendor_id	: GenuineIntel
cpu family	: 6
model		: 37
model name	: Intel(R) Core(TM) i5 CPU       M 450  @ 2.40GHz
stepping	: 5
microcode	: 0x2
cpu MHz		: 1599.000
cache size	: 3072 KB
physical id	: 0
siblings	: 4
core id		: 2
cpu cores	: 2
apicid		: 5
initial apicid	: 5
fpu		: yes
fpu_exception	: yes
cpuid level	: 11
wp		: yes
flags		: fpu vme de pse tsc msr pae mce cx8 apic sep mtrr pge mca cmov pat pse36 clflush dts acpi mmx fxsr sse sse2 ss ht tm pbe syscall nx rdtscp lm constant_tsc arch_perfmon pebs bts rep_good nopl xtopology nonstop_tsc aperfmperf pni dtes64 monitor ds_cpl vmx est tm2 ssse3 cx16 xtpr pdcm pcid sse4_1 sse4_2 popcnt lahf_lm ida arat dtherm tpr_shadow vnmi flexpriority ept vpid
bogomips	: 4787.58
clflush size	: 64
cache_alignment	: 64
address sizes	: 36 bits physical, 48 bits virtual
power management:



Memory: 4k page, physical 3843308k(129284k free), swap 4192960k(1982388k free)

vm_info: OpenJDK 64-Bit Server VM (24.45-b08) for linux-amd64 JRE (1.7.0_51-b00), built on Jan 16 2014 18:17:06 by "buildd" with gcc 4.7.3

time: Sun Feb 16 14:10:30 2014
elapsed time: 0 seconds

