#
# A fatal error has been detected by the Java Runtime Environment:
#
#  Internal Error (javaClasses.cpp:136), pid=25471, tid=139846294054656
#  fatal error: Invalid layout of preloaded class
#
# JRE version:  (7.0_51) (build )
# Java VM: OpenJDK 64-Bit Server VM (24.45-b08 mixed mode linux-amd64 compressed oops)
# Failed to write core dump. Core dumps have been disabled. To enable core dumping, try "ulimit -c unlimited" before starting Java again
#
# If you would like to submit a bug report, please include
# instructions on how to reproduce the bug and visit:
#   http://icedtea.classpath.org/bugzilla
#

---------------  T H R E A D  ---------------

Current thread (0x00007f307800a000):  JavaThread "Unknown thread" [_thread_in_vm, id=25475, stack(0x00007f30809e2000,0x00007f3080ae3000)]

Stack: [0x00007f30809e2000,0x00007f3080ae3000],  sp=0x00007f3080ae1920,  free space=1022k
Native frames: (J=compiled Java code, j=interpreted, Vv=VM code, C=native code)
V  [libjvm.so+0x8f7825]  VMError::report_and_die()+0x175
V  [libjvm.so+0x46a177]  report_fatal(char const*, int, char const*)+0x57
V  [libjvm.so+0x5baefb]  compute_offset(int&, klassOopDesc*, Symbol*, Symbol*, bool) [clone .constprop.121]+0xbb
V  [libjvm.so+0x5baff6]  java_lang_String::compute_offsets()+0x36
V  [libjvm.so+0x87fb43]  SystemDictionary::initialize_preloaded_classes(Thread*)+0x83
V  [libjvm.so+0x8ccc78]  Universe::genesis(Thread*)+0x478
V  [libjvm.so+0x8cd12f]  universe2_init()+0x1f
V  [libjvm.so+0x56fc8a]  init_globals()+0x9a
V  [libjvm.so+0x8b074f]  Threads::create_vm(JavaVMInitArgs*, bool*)+0x38f
V  [libjvm.so+0x5d7708]  JNI_CreateJavaVM+0x58
C  [libjli.so+0x2b34]  __strcat_chk+0x2b34


---------------  P R O C E S S  ---------------

Java Threads: ( => current thread )

Other Threads:

=>0x00007f307800a000 (exited) JavaThread "Unknown thread" [_thread_in_vm, id=25475, stack(0x00007f30809e2000,0x00007f3080ae3000)]

VM state:not at safepoint (not fully initialized)

VM Mutex/Monitor currently owned by a thread: None

GC Heap History (0 events):
No events

Deoptimization events (0 events):
No events

Internal exceptions (0 events):
No events

Events (10 events):
Event: 0.017 loading class 0x00007f307cc1c6f0 done
Event: 0.018 loading class 0x00007f307cc1c110 done
Event: 0.018 loading class 0x00007f307cc1c0f0
Event: 0.018 loading class 0x00007f307cc24130
Event: 0.018 loading class 0x00007f307cc24130 done
Event: 0.018 loading class 0x00007f307cc24160
Event: 0.018 loading class 0x00007f307cc24160 done
Event: 0.018 loading class 0x00007f307cc24190
Event: 0.018 loading class 0x00007f307cc24190 done
Event: 0.018 loading class 0x00007f307cc1c0f0 done


Dynamic libraries:
00400000-00401000 r-xp 00000000 08:07 1609894                            /usr/lib/jvm/java-7-openjdk-amd64/jre/bin/java
00600000-00601000 r--p 00000000 08:07 1609894                            /usr/lib/jvm/java-7-openjdk-amd64/jre/bin/java
00601000-00602000 rw-p 00001000 08:07 1609894                            /usr/lib/jvm/java-7-openjdk-amd64/jre/bin/java
02249000-0226a000 rw-p 00000000 00:00 0                                  [heap]
bae00000-bc300000 rw-p 00000000 00:00 0 
bc300000-c5400000 rw-p 00000000 00:00 0 
c5400000-c7b00000 rw-p 00000000 00:00 0 
c7b00000-ec680000 rw-p 00000000 00:00 0 
ec680000-eda80000 rw-p 00000000 00:00 0 
eda80000-100000000 rw-p 00000000 00:00 0 
7f305c000000-7f305c021000 rw-p 00000000 00:00 0 
7f305c021000-7f3060000000 ---p 00000000 00:00 0 
7f3064000000-7f3064021000 rw-p 00000000 00:00 0 
7f3064021000-7f3068000000 ---p 00000000 00:00 0 
7f3068000000-7f3068021000 rw-p 00000000 00:00 0 
7f3068021000-7f306c000000 ---p 00000000 00:00 0 
7f306c000000-7f306c021000 rw-p 00000000 00:00 0 
7f306c021000-7f3070000000 ---p 00000000 00:00 0 
7f3072d70000-7f3075000000 rw-p 00000000 00:00 0 
7f3075000000-7f3075270000 rwxp 00000000 00:00 0 
7f3075270000-7f3078056000 rw-p 00000000 00:00 0 
7f3078056000-7f307c000000 ---p 00000000 00:00 0 
7f307c85a000-7f307cacf000 rw-p 00000000 00:00 0 
7f307cacf000-7f307cba6000 r--s 013fe000 08:07 1192193                    /home/chaos/Work/adt-bundle-linux-x86_64-20131030/sdk/platforms/android-19/android.jar
7f307cba6000-7f307cec8000 rw-p 00000000 00:00 0 
7f307cec8000-7f307cec9000 ---p 00000000 00:00 0 
7f307cec9000-7f307cfc9000 rw-p 00000000 00:00 0                          [stack:25479]
7f307cfc9000-7f307cfca000 ---p 00000000 00:00 0 
7f307cfca000-7f307d0ca000 rw-p 00000000 00:00 0                          [stack:25478]
7f307d0ca000-7f307d0cb000 ---p 00000000 00:00 0 
7f307d0cb000-7f307d1cb000 rw-p 00000000 00:00 0                          [stack:25477]
7f307d1cb000-7f307d1cc000 ---p 00000000 00:00 0 
7f307d1cc000-7f307d2d7000 rw-p 00000000 00:00 0                          [stack:25476]
7f307d2d7000-7f307d31f000 rw-p 00000000 00:00 0 
7f307d31f000-7f307d333000 rw-p 00000000 00:00 0 
7f307d333000-7f307d459000 rw-p 00000000 00:00 0 
7f307d459000-7f307d464000 rw-p 00000000 00:00 0 
7f307d464000-7f307d4ac000 rw-p 00000000 00:00 0 
7f307d4ac000-7f307d4c0000 rw-p 00000000 00:00 0 
7f307d4c0000-7f307d5e5000 rw-p 00000000 00:00 0 
7f307d5e5000-7f307d5f0000 rw-p 00000000 00:00 0 
7f307d5f0000-7f307d682000 rw-p 00000000 00:00 0 
7f307d682000-7f307d683000 rw-p 00000000 00:00 0 
7f307d683000-7f307d68b000 r-xp 00000000 08:07 1609884                    /usr/lib/jvm/java-7-openjdk-amd64/jre/lib/amd64/libzip.so
7f307d68b000-7f307d88a000 ---p 00008000 08:07 1609884                    /usr/lib/jvm/java-7-openjdk-amd64/jre/lib/amd64/libzip.so
7f307d88a000-7f307d88b000 r--p 00007000 08:07 1609884                    /usr/lib/jvm/java-7-openjdk-amd64/jre/lib/amd64/libzip.so
7f307d88b000-7f307d88c000 rw-p 00008000 08:07 1609884                    /usr/lib/jvm/java-7-openjdk-amd64/jre/lib/amd64/libzip.so
7f307d88c000-7f307d898000 r-xp 00000000 08:07 1308261                    /lib/x86_64-linux-gnu/libnss_files-2.17.so
7f307d898000-7f307da97000 ---p 0000c000 08:07 1308261                    /lib/x86_64-linux-gnu/libnss_files-2.17.so
7f307da97000-7f307da98000 r--p 0000b000 08:07 1308261                    /lib/x86_64-linux-gnu/libnss_files-2.17.so
7f307da98000-7f307da99000 rw-p 0000c000 08:07 1308261                    /lib/x86_64-linux-gnu/libnss_files-2.17.so
7f307da99000-7f307daa4000 r-xp 00000000 08:07 1308268                    /lib/x86_64-linux-gnu/libnss_nis-2.17.so
7f307daa4000-7f307dca3000 ---p 0000b000 08:07 1308268                    /lib/x86_64-linux-gnu/libnss_nis-2.17.so
7f307dca3000-7f307dca4000 r--p 0000a000 08:07 1308268                    /lib/x86_64-linux-gnu/libnss_nis-2.17.so
7f307dca4000-7f307dca5000 rw-p 0000b000 08:07 1308268                    /lib/x86_64-linux-gnu/libnss_nis-2.17.so
7f307dca5000-7f307dcbc000 r-xp 00000000 08:07 1308257                    /lib/x86_64-linux-gnu/libnsl-2.17.so
7f307dcbc000-7f307debb000 ---p 00017000 08:07 1308257                    /lib/x86_64-linux-gnu/libnsl-2.17.so
7f307debb000-7f307debc000 r--p 00016000 08:07 1308257                    /lib/x86_64-linux-gnu/libnsl-2.17.so
7f307debc000-7f307debd000 rw-p 00017000 08:07 1308257                    /lib/x86_64-linux-gnu/libnsl-2.17.so
7f307debd000-7f307debf000 rw-p 00000000 00:00 0 
7f307debf000-7f307dec7000 r-xp 00000000 08:07 1312120                    /lib/x86_64-linux-gnu/libnss_compat-2.17.so
7f307dec7000-7f307e0c6000 ---p 00008000 08:07 1312120                    /lib/x86_64-linux-gnu/libnss_compat-2.17.so
7f307e0c6000-7f307e0c7000 r--p 00007000 08:07 1312120                    /lib/x86_64-linux-gnu/libnss_compat-2.17.so
7f307e0c7000-7f307e0c8000 rw-p 00008000 08:07 1312120                    /lib/x86_64-linux-gnu/libnss_compat-2.17.so
7f307e0c8000-7f307e0f3000 r-xp 00000000 08:07 1585616                    /usr/lib/jvm/java-7-openjdk-amd64/jre/lib/amd64/libjava.so
7f307e0f3000-7f307e2f2000 ---p 0002b000 08:07 1585616                    /usr/lib/jvm/java-7-openjdk-amd64/jre/lib/amd64/libjava.so
7f307e2f2000-7f307e2f3000 r--p 0002a000 08:07 1585616                    /usr/lib/jvm/java-7-openjdk-amd64/jre/lib/amd64/libjava.so
7f307e2f3000-7f307e2f5000 rw-p 0002b000 08:07 1585616                    /usr/lib/jvm/java-7-openjdk-amd64/jre/lib/amd64/libjava.so
7f307e2f5000-7f307e304000 r-xp 00000000 08:07 1585615                    /usr/lib/jvm/java-7-openjdk-amd64/jre/lib/amd64/libverify.so
7f307e304000-7f307e503000 ---p 0000f000 08:07 1585615                    /usr/lib/jvm/java-7-openjdk-amd64/jre/lib/amd64/libverify.so
7f307e503000-7f307e505000 r--p 0000e000 08:07 1585615                    /usr/lib/jvm/java-7-openjdk-amd64/jre/lib/amd64/libverify.so
7f307e505000-7f307e506000 rw-p 00010000 08:07 1585615                    /usr/lib/jvm/java-7-openjdk-amd64/jre/lib/amd64/libverify.so
7f307e506000-7f307e50d000 r-xp 00000000 08:07 1308264                    /lib/x86_64-linux-gnu/librt-2.17.so
7f307e50d000-7f307e70c000 ---p 00007000 08:07 1308264                    /lib/x86_64-linux-gnu/librt-2.17.so
7f307e70c000-7f307e70d000 r--p 00006000 08:07 1308264                    /lib/x86_64-linux-gnu/librt-2.17.so
7f307e70d000-7f307e70e000 rw-p 00007000 08:07 1308264                    /lib/x86_64-linux-gnu/librt-2.17.so
7f307e70e000-7f307e722000 r-xp 00000000 08:07 1312233                    /lib/x86_64-linux-gnu/libgcc_s.so.1
7f307e722000-7f307e922000 ---p 00014000 08:07 1312233                    /lib/x86_64-linux-gnu/libgcc_s.so.1
7f307e922000-7f307e923000 r--p 00014000 08:07 1312233                    /lib/x86_64-linux-gnu/libgcc_s.so.1
7f307e923000-7f307e924000 rw-p 00015000 08:07 1312233                    /lib/x86_64-linux-gnu/libgcc_s.so.1
7f307e924000-7f307ea27000 r-xp 00000000 08:07 1312049                    /lib/x86_64-linux-gnu/libm-2.17.so
7f307ea27000-7f307ec27000 ---p 00103000 08:07 1312049                    /lib/x86_64-linux-gnu/libm-2.17.so
7f307ec27000-7f307ec28000 r--p 00103000 08:07 1312049                    /lib/x86_64-linux-gnu/libm-2.17.so
7f307ec28000-7f307ec29000 rw-p 00104000 08:07 1312049                    /lib/x86_64-linux-gnu/libm-2.17.so
7f307ec29000-7f307ed0e000 r-xp 00000000 08:07 1576159                    /usr/lib/x86_64-linux-gnu/libstdc++.so.6.0.17
7f307ed0e000-7f307ef0d000 ---p 000e5000 08:07 1576159                    /usr/lib/x86_64-linux-gnu/libstdc++.so.6.0.17
7f307ef0d000-7f307ef15000 r--p 000e4000 08:07 1576159                    /usr/lib/x86_64-linux-gnu/libstdc++.so.6.0.17
7f307ef15000-7f307ef17000 rw-p 000ec000 08:07 1576159                    /usr/lib/x86_64-linux-gnu/libstdc++.so.6.0.17
7f307ef17000-7f307ef2c000 rw-p 00000000 00:00 0 
7f307ef2c000-7f307f9f2000 r-xp 00000000 08:07 1585620                    /usr/lib/jvm/java-7-openjdk-amd64/jre/lib/amd64/server/libjvm.so
7f307f9f2000-7f307fbf2000 ---p 00ac6000 08:07 1585620                    /usr/lib/jvm/java-7-openjdk-amd64/jre/lib/amd64/server/libjvm.so
7f307fbf2000-7f307fc8a000 r--p 00ac6000 08:07 1585620                    /usr/lib/jvm/java-7-openjdk-amd64/jre/lib/amd64/server/libjvm.so
7f307fc8a000-7f307fcad000 rw-p 00b5e000 08:07 1585620                    /usr/lib/jvm/java-7-openjdk-amd64/jre/lib/amd64/server/libjvm.so
7f307fcad000-7f307fcda000 rw-p 00000000 00:00 0 
7f307fcda000-7f307fcf0000 r-xp 00000000 08:07 1312361                    /lib/x86_64-linux-gnu/libz.so.1.2.7
7f307fcf0000-7f307feef000 ---p 00016000 08:07 1312361                    /lib/x86_64-linux-gnu/libz.so.1.2.7
7f307feef000-7f307fef0000 r--p 00015000 08:07 1312361                    /lib/x86_64-linux-gnu/libz.so.1.2.7
7f307fef0000-7f307fef1000 rw-p 00016000 08:07 1312361                    /lib/x86_64-linux-gnu/libz.so.1.2.7
7f307fef1000-7f307ff09000 r-xp 00000000 08:07 1308258                    /lib/x86_64-linux-gnu/libpthread-2.17.so
7f307ff09000-7f3080108000 ---p 00018000 08:07 1308258                    /lib/x86_64-linux-gnu/libpthread-2.17.so
7f3080108000-7f3080109000 r--p 00017000 08:07 1308258                    /lib/x86_64-linux-gnu/libpthread-2.17.so
7f3080109000-7f308010a000 rw-p 00018000 08:07 1308258                    /lib/x86_64-linux-gnu/libpthread-2.17.so
7f308010a000-7f308010e000 rw-p 00000000 00:00 0 
7f308010e000-7f3080111000 r-xp 00000000 08:07 1308260                    /lib/x86_64-linux-gnu/libdl-2.17.so
7f3080111000-7f3080310000 ---p 00003000 08:07 1308260                    /lib/x86_64-linux-gnu/libdl-2.17.so
7f3080310000-7f3080311000 r--p 00002000 08:07 1308260                    /lib/x86_64-linux-gnu/libdl-2.17.so
7f3080311000-7f3080312000 rw-p 00003000 08:07 1308260                    /lib/x86_64-linux-gnu/libdl-2.17.so
7f3080312000-7f30804d1000 r-xp 00000000 08:07 1312459                    /lib/x86_64-linux-gnu/libc-2.17.so
7f30804d1000-7f30806d0000 ---p 001bf000 08:07 1312459                    /lib/x86_64-linux-gnu/libc-2.17.so
7f30806d0000-7f30806d4000 r--p 001be000 08:07 1312459                    /lib/x86_64-linux-gnu/libc-2.17.so
7f30806d4000-7f30806d6000 rw-p 001c2000 08:07 1312459                    /lib/x86_64-linux-gnu/libc-2.17.so
7f30806d6000-7f30806db000 rw-p 00000000 00:00 0 
7f30806db000-7f30806e8000 r-xp 00000000 08:07 1585600                    /usr/lib/jvm/java-7-openjdk-amd64/jre/lib/amd64/jli/libjli.so
7f30806e8000-7f30808e7000 ---p 0000d000 08:07 1585600                    /usr/lib/jvm/java-7-openjdk-amd64/jre/lib/amd64/jli/libjli.so
7f30808e7000-7f30808e8000 r--p 0000c000 08:07 1585600                    /usr/lib/jvm/java-7-openjdk-amd64/jre/lib/amd64/jli/libjli.so
7f30808e8000-7f30808e9000 rw-p 0000d000 08:07 1585600                    /usr/lib/jvm/java-7-openjdk-amd64/jre/lib/amd64/jli/libjli.so
7f30808e9000-7f308090c000 r-xp 00000000 08:07 1308174                    /lib/x86_64-linux-gnu/ld-2.17.so
7f3080921000-7f308092c000 rw-p 00000000 00:00 0 
7f308092c000-7f30809e2000 rw-p 00000000 00:00 0 
7f30809e2000-7f30809e5000 ---p 00000000 00:00 0 
7f30809e5000-7f3080aff000 rw-p 00000000 00:00 0                          [stack:25475]
7f3080aff000-7f3080b07000 rw-s 00000000 08:07 1738655                    /tmp/hsperfdata_chaos/25471
7f3080b07000-7f3080b08000 rw-p 00000000 00:00 0 
7f3080b08000-7f3080b09000 r--p 00000000 00:00 0 
7f3080b09000-7f3080b0b000 rw-p 00000000 00:00 0 
7f3080b0b000-7f3080b0c000 r--p 00022000 08:07 1308174                    /lib/x86_64-linux-gnu/ld-2.17.so
7f3080b0c000-7f3080b0e000 rw-p 00023000 08:07 1308174                    /lib/x86_64-linux-gnu/ld-2.17.so
7fffa2332000-7fffa2353000 rw-p 00000000 00:00 0                          [stack]
7fffa23fe000-7fffa2400000 r-xp 00000000 00:00 0                          [vdso]
ffffffffff600000-ffffffffff601000 r-xp 00000000 00:00 0                  [vsyscall]

VM Arguments:
jvm_args: -Dfile.encoding=UTF-8 -Xbootclasspath:/home/chaos/Work/adt-bundle-linux-x86_64-20131030/sdk/platforms/android-19/android.jar 
java_command: com.huaijv.forkids4teacher.utils.JsoupUtils
Launcher Type: SUN_STANDARD

Environment Variables:
PATH=/home/chaos/bin:/usr/lib/lightdm/lightdm:/usr/local/sbin:/usr/local/bin:/usr/sbin:/usr/bin:/sbin:/bin:/usr/games:/usr/local/games
SHELL=/bin/zsh
DISPLAY=:0.0

Signal Handlers:
SIGSEGV: [libjvm.so+0x8f8310], sa_mask[0]=0x7ffbfeff, sa_flags=0x10000004
SIGBUS: [libjvm.so+0x8f8310], sa_mask[0]=0x7ffbfeff, sa_flags=0x10000004
SIGFPE: [libjvm.so+0x781ce0], sa_mask[0]=0x7ffbfeff, sa_flags=0x10000004
SIGPIPE: [libjvm.so+0x781ce0], sa_mask[0]=0x7ffbfeff, sa_flags=0x10000004
SIGXFSZ: [libjvm.so+0x781ce0], sa_mask[0]=0x7ffbfeff, sa_flags=0x10000004
SIGILL: [libjvm.so+0x781ce0], sa_mask[0]=0x7ffbfeff, sa_flags=0x10000004
SIGUSR1: SIG_DFL, sa_mask[0]=0x00000000, sa_flags=0x00000000
SIGUSR2: [libjvm.so+0x781fd0], sa_mask[0]=0x00000004, sa_flags=0x10000004
SIGHUP: SIG_DFL, sa_mask[0]=0x00000000, sa_flags=0x00000000
SIGINT: SIG_DFL, sa_mask[0]=0x00000000, sa_flags=0x00000000
SIGTERM: SIG_DFL, sa_mask[0]=0x00000000, sa_flags=0x00000000
SIGQUIT: SIG_DFL, sa_mask[0]=0x00000000, sa_flags=0x00000000


---------------  S Y S T E M  ---------------

OS:Ubuntu 13.04 (raring)
uname:Linux 3.8.0-35-generic #50-Ubuntu SMP Tue Dec 3 01:24:59 UTC 2013 x86_64
libc:glibc 2.17 NPTL 2.17 
rlimit: STACK 8192k, CORE 0k, NPROC 29876, NOFILE 4096, AS infinity
load average:1.08 0.72 0.78

/proc/meminfo:
MemTotal:        3843308 kB
MemFree:          114716 kB
Buffers:           23516 kB
Cached:           318204 kB
SwapCached:       223000 kB
Active:          2456216 kB
Inactive:         974092 kB
Active(anon):    2373996 kB
Inactive(anon):   885484 kB
Active(file):      82220 kB
Inactive(file):    88608 kB
Unevictable:          96 kB
Mlocked:              96 kB
SwapTotal:       4192960 kB
SwapFree:        1984040 kB
Dirty:               172 kB
Writeback:             0 kB
AnonPages:       2867668 kB
Mapped:            95680 kB
Shmem:            170892 kB
Slab:             133104 kB
SReclaimable:      80052 kB
SUnreclaim:        53052 kB
KernelStack:        6576 kB
PageTables:        93912 kB
NFS_Unstable:          0 kB
Bounce:                0 kB
WritebackTmp:          0 kB
CommitLimit:     6114612 kB
Committed_AS:    9871148 kB
VmallocTotal:   34359738367 kB
VmallocUsed:      544916 kB
VmallocChunk:   34359189980 kB
HardwareCorrupted:     0 kB
AnonHugePages:         0 kB
HugePages_Total:       0
HugePages_Free:        0
HugePages_Rsvd:        0
HugePages_Surp:        0
Hugepagesize:       2048 kB
DirectMap4k:       96256 kB
DirectMap2M:     3893248 kB


CPU:total 4 (2 cores per cpu, 2 threads per core) family 6 model 37 stepping 5, cmov, cx8, fxsr, mmx, sse, sse2, sse3, ssse3, sse4.1, sse4.2, popcnt, ht, tsc, tscinvbit

/proc/cpuinfo:
processor	: 0
vendor_id	: GenuineIntel
cpu family	: 6
model		: 37
model name	: Intel(R) Core(TM) i5 CPU       M 450  @ 2.40GHz
stepping	: 5
microcode	: 0x2
cpu MHz		: 2400.000
cache size	: 3072 KB
physical id	: 0
siblings	: 4
core id		: 0
cpu cores	: 2
apicid		: 0
initial apicid	: 0
fpu		: yes
fpu_exception	: yes
cpuid level	: 11
wp		: yes
flags		: fpu vme de pse tsc msr pae mce cx8 apic sep mtrr pge mca cmov pat pse36 clflush dts acpi mmx fxsr sse sse2 ss ht tm pbe syscall nx rdtscp lm constant_tsc arch_perfmon pebs bts rep_good nopl xtopology nonstop_tsc aperfmperf pni dtes64 monitor ds_cpl vmx est tm2 ssse3 cx16 xtpr pdcm pcid sse4_1 sse4_2 popcnt lahf_lm ida arat dtherm tpr_shadow vnmi flexpriority ept vpid
bogomips	: 4787.58
clflush size	: 64
cache_alignment	: 64
address sizes	: 36 bits physical, 48 bits virtual
power management:

processor	: 1
vendor_id	: GenuineIntel
cpu family	: 6
model		: 37
model name	: Intel(R) Core(TM) i5 CPU       M 450  @ 2.40GHz
stepping	: 5
microcode	: 0x2
cpu MHz		: 2400.000
cache size	: 3072 KB
physical id	: 0
siblings	: 4
core id		: 2
cpu cores	: 2
apicid		: 4
initial apicid	: 4
fpu		: yes
fpu_exception	: yes
cpuid level	: 11
wp		: yes
flags		: fpu vme de pse tsc msr pae mce cx8 apic sep mtrr pge mca cmov pat pse36 clflush dts acpi mmx fxsr sse sse2 ss ht tm pbe syscall nx rdtscp lm constant_tsc arch_perfmon pebs bts rep_good nopl xtopology nonstop_tsc aperfmperf pni dtes64 monitor ds_cpl vmx est tm2 ssse3 cx16 xtpr pdcm pcid sse4_1 sse4_2 popcnt lahf_lm ida arat dtherm tpr_shadow vnmi flexpriority ept vpid
bogomips	: 4787.58
clflush size	: 64
cache_alignment	: 64
address sizes	: 36 bits physical, 48 bits virtual
power management:

processor	: 2
vendor_id	: GenuineIntel
cpu family	: 6
model		: 37
model name	: Intel(R) Core(TM) i5 CPU       M 450  @ 2.40GHz
stepping	: 5
microcode	: 0x2
cpu MHz		: 1866.000
cache size	: 3072 KB
physical id	: 0
siblings	: 4
core id		: 0
cpu cores	: 2
apicid		: 1
initial apicid	: 1
fpu		: yes
fpu_exception	: yes
cpuid level	: 11
wp		: yes
flags		: fpu vme de pse tsc msr pae mce cx8 apic sep mtrr pge mca cmov pat pse36 clflush dts acpi mmx fxsr sse sse2 ss ht tm pbe syscall nx rdtscp lm constant_tsc arch_perfmon pebs bts rep_good nopl xtopology nonstop_tsc aperfmperf pni dtes64 monitor ds_cpl vmx est tm2 ssse3 cx16 xtpr pdcm pcid sse4_1 sse4_2 popcnt lahf_lm ida arat dtherm tpr_shadow vnmi flexpriority ept vpid
bogomips	: 4787.58
clflush size	: 64
cache_alignment	: 64
address sizes	: 36 bits physical, 48 bits virtual
power management:

processor	: 3
vendor_id	: GenuineIntel
cpu family	: 6
model		: 37
model name	: Intel(R) Core(TM) i5 CPU       M 450  @ 2.40GHz
stepping	: 5
microcode	: 0x2
cpu MHz		: 2400.000
cache size	: 3072 KB
physical id	: 0
siblings	: 4
core id		: 2
cpu cores	: 2
apicid		: 5
initial apicid	: 5
fpu		: yes
fpu_exception	: yes
cpuid level	: 11
wp		: yes
flags		: fpu vme de pse tsc msr pae mce cx8 apic sep mtrr pge mca cmov pat pse36 clflush dts acpi mmx fxsr sse sse2 ss ht tm pbe syscall nx rdtscp lm constant_tsc arch_perfmon pebs bts rep_good nopl xtopology nonstop_tsc aperfmperf pni dtes64 monitor ds_cpl vmx est tm2 ssse3 cx16 xtpr pdcm pcid sse4_1 sse4_2 popcnt lahf_lm ida arat dtherm tpr_shadow vnmi flexpriority ept vpid
bogomips	: 4787.58
clflush size	: 64
cache_alignment	: 64
address sizes	: 36 bits physical, 48 bits virtual
power management:



Memory: 4k page, physical 3843308k(114716k free), swap 4192960k(1984040k free)

vm_info: OpenJDK 64-Bit Server VM (24.45-b08) for linux-amd64 JRE (1.7.0_51-b00), built on Jan 16 2014 18:17:06 by "buildd" with gcc 4.7.3

time: Sun Feb 16 14:13:06 2014
elapsed time: 0 seconds

